[2025-03-21 16:14:08.458] [INFO] [Server] [-] [SYSTEM] Server started successfully [DETAILS: {"port":5000,"url":"http://localhost:5000"}]
[2025-03-21 16:14:09.469] [INFO] [Database] [-] [SYSTEM] Connected to MongoDB
[2025-03-21 16:14:46.161] [INFO] [StudentController] [GET_ALL_STUDENTS] [SYSTEM] Successfully retrieved all students [DETAILS: {"count":101}]
[2025-03-21 16:14:46.237] [INFO] [HTTP] [GET] [SYSTEM] GET /api/student/ 200 - 551ms [DETAILS: {"statusCode":200,"duration":551,"ip":"::ffff:127.0.0.1"}]
[2025-03-21 16:15:06.708] [INFO] [StudentController] [GET_ALL_STUDENTS] [SYSTEM] Successfully retrieved all students [DETAILS: {"count":101}]
[2025-03-21 16:15:06.725] [INFO] [HTTP] [GET] [SYSTEM] GET /api/student/ 304 - 401ms [DETAILS: {"statusCode":304,"duration":401,"ip":"::1"}]
[2025-03-21 16:15:31.312] [INFO] [StudentController] [SEARCH_STUDENT] [SYSTEM] Students found successfully [DETAILS: {"count":1,"searchParams":{"studentId":"SV0006","fullName":"","faculty":""}}]
[2025-03-21 16:15:31.316] [INFO] [HTTP] [GET] [SYSTEM] GET /api/student/search?studentId=SV0006&fullName=&faculty= 304 - 136ms [DETAILS: {"statusCode":304,"duration":136,"ip":"::1"}]
[2025-03-21 16:17:01.251] [WARN] [HTTP] [GET] [SYSTEM] GET / 404 - 3ms [DETAILS: {"statusCode":404,"duration":3,"ip":"::ffff:127.0.0.1"}]
[2025-03-21 16:17:07.235] [INFO] [StudentController] [GET_ALL_STUDENTS] [SYSTEM] Successfully retrieved all students [DETAILS: {"count":101}]
[2025-03-21 16:17:07.249] [INFO] [HTTP] [GET] [SYSTEM] GET /api/student/ 200 - 386ms [DETAILS: {"statusCode":200,"duration":386,"ip":"::ffff:127.0.0.1"}]
[2025-03-21 16:19:26.839] [INFO] [StudentController] [GET_ALL_STUDENTS] [SYSTEM] Successfully retrieved all students [DETAILS: {"count":101}]
[2025-03-21 16:19:26.853] [INFO] [HTTP] [GET] [SYSTEM] GET /api/student/ 304 - 363ms [DETAILS: {"statusCode":304,"duration":363,"ip":"::1"}]
[2025-03-21 16:19:33.585] [INFO] [HTTP] [OPTIONS] [SYSTEM] OPTIONS /api/student/delete/SV0006 204 - 3ms [DETAILS: {"statusCode":204,"duration":3,"ip":"::1"}]
[2025-03-21 16:19:33.805] [INFO] [StudentController] [DELETE_STUDENT] [SYSTEM] Student deleted successfully [DETAILS: {"studentId":"SV0006"}]
[2025-03-21 16:19:33.807] [INFO] [AUDIT] [DELETE] [SYSTEM] DELETE student SV0006 [DETAILS: {"entityType":"student","entityId":"SV0006","before":"[{\"_id\":\"67db21d55a834ed7d79adec2\",\"studentId\":\"SV0006\",\"fullName\":\"Mack Leuschke\",\"dateOfBirth\":\"2002-09-06T15:51:36.924Z\",\"gender\":\"Nữ\",\"nationality\":\"Việt Nam\",\"faculty\":{\"_id\":\"67db21d45a834ed7d79ade89\",\"facultyId\":\"KTATM\",\"name\":\"Khoa Tiếng Anh Thương Mại\",\"createdAt\":\"2025-03-19T19:58:12.187Z\",\"updatedAt\":\"2025-03-19T19:58:12.187Z\",\"__v\":0},\"course\":\"2009\",\"program\":{\"_id\":\"67db21d45a834ed7d79ade98\",\"programId\":\"VP\",\"name\":\"Việt Pháp\",\"duration\":4.5,\"isActive\":true,\"createdAt\":\"2025-03-19T19:58:12.838Z\",\"updatedAt\":\"2025-03-19T19:58:12.838Z\",\"__v\":0},\"permanentAddress\":{\"streetAddress\":\"879 Kulas Orchard\",\"ward\":\"Wisoky Freeway\",\"district\":\"Calhoun County\",\"city\":\"Fort Virgiecester\",\"country\":\"Việt Nam\",\"_id\":\"67db21d55a834ed7d79adec3\"},\"mailingAddress\":{\"streetAddress\":\"685 E Market Street\",\"ward\":\"Brandt Fields\",\"district\":\"Oxfordshire\",\"city\":\"Tomasaport\",\"country\":\"Việt Nam\",\"_id\":\"67db21d55a834ed7d79adec4\"},\"identityDocument\":{\"type\":\"CCCD\",\"number\":\"429465193513\",\"issueDate\":\"2021-06-20T20:46:34.644Z\",\"issuePlace\":\"Beaulahhaven\",\"expiryDate\":\"2023-05-09T10:13:07.843Z\",\"_id\":\"67db21d55a834ed7d79adec5\",\"hasChip\":false},\"email\":\"mack.leuschke@example.com\",\"phone\":\"0120009368\",\"status\":{\"_id\":\"67db21d55a834ed7d79ade9e\",\"name\":\"Đang học\",\"createdAt\":\"2025-03-19T19:58:13.009Z\",\"updatedAt\":\"2025-03-19T19:58:13.009Z\",\"__v\":0},\"__v\":0,\"createdAt\":\"2025-03-19T19:58:13.509Z\",\"updatedAt\":\"2025-03-19T19:58:13.509Z\"}]"}]
[2025-03-21 16:19:33.810] [INFO] [HTTP] [DELETE] [SYSTEM] DELETE /api/student/delete/SV0006 200 - 222ms [DETAILS: {"statusCode":200,"duration":222,"ip":"::1"}]
[2025-03-21 16:19:34.230] [INFO] [StudentController] [GET_ALL_STUDENTS] [SYSTEM] Successfully retrieved all students [DETAILS: {"count":100}]
[2025-03-21 16:19:34.241] [INFO] [HTTP] [GET] [SYSTEM] GET /api/student/ 200 - 296ms [DETAILS: {"statusCode":200,"duration":296,"ip":"::1"}]
[2025-03-21 16:19:53.430] [INFO] [StudentController] [GET_ALL_STUDENTS] [SYSTEM] Successfully retrieved all students [DETAILS: {"count":100}]
[2025-03-21 16:19:53.443] [INFO] [HTTP] [GET] [SYSTEM] GET /api/student/ 304 - 295ms [DETAILS: {"statusCode":304,"duration":295,"ip":"::1"}]
[2025-03-21 16:20:02.112] [INFO] [Server] [-] [SYSTEM] Server shutting down
[2025-03-21 16:20:30.435] [INFO] [Server] [-] [SYSTEM] Server started successfully [DETAILS: {"port":5000,"url":"http://localhost:5000"}]
[2025-03-21 16:20:31.517] [INFO] [Database] [-] [SYSTEM] Connected to MongoDB
[2025-03-21 16:20:32.344] [INFO] [StudentController] [GET_ALL_STUDENTS] [SYSTEM] Successfully retrieved all students [DETAILS: {"count":100}]
[2025-03-21 16:20:32.384] [INFO] [HTTP] [GET] [SYSTEM] GET /api/student/ 304 - 1935ms [DETAILS: {"statusCode":304,"duration":1935,"ip":"::1"}]
[2025-03-21 16:20:47.554] [INFO] [StudentController] [SEARCH_STUDENT] [SYSTEM] Students found successfully [DETAILS: {"count":1,"searchParams":{"studentId":"SV0008","fullName":"","faculty":""}}]
[2025-03-21 16:20:47.562] [INFO] [HTTP] [GET] [SYSTEM] GET /api/student/search?studentId=SV0008&fullName=&faculty= 200 - 158ms [DETAILS: {"statusCode":200,"duration":158,"ip":"::ffff:127.0.0.1"}]
[2025-03-21 16:21:02.498] [INFO] [StudentController] [GET_ALL_STUDENTS] [SYSTEM] Successfully retrieved all students [DETAILS: {"count":100}]
[2025-03-21 16:21:02.511] [INFO] [HTTP] [GET] [SYSTEM] GET /api/student/ 304 - 311ms [DETAILS: {"statusCode":304,"duration":311,"ip":"::1"}]
[2025-03-21 16:21:04.939] [INFO] [HTTP] [OPTIONS] [SYSTEM] OPTIONS /api/student/delete/SV0008 204 - 2ms [DETAILS: {"statusCode":204,"duration":2,"ip":"::1"}]
[2025-03-21 16:21:05.169] [INFO] [StudentController] [DELETE_STUDENT] [SYSTEM] Student deleted successfully [DETAILS: {"studentId":"SV0008"}]
[2025-03-21 16:21:05.172] [INFO] [AUDIT] [DELETE] [SYSTEM] DELETE student SV0008 [DETAILS: {"entityType":"student","entityId":"SV0008","before":"[{\"_id\":\"67db21d55a834ed7d79adeca\",\"studentId\":\"SV0008\",\"fullName\":\"Bill Herzog\",\"dateOfBirth\":\"2001-06-19T09:36:26.014Z\",\"gender\":\"Nữ\",\"nationality\":\"Việt Nam\",\"faculty\":{\"_id\":\"67db21d45a834ed7d79ade8a\",\"facultyId\":\"KTN\",\"name\":\"Khoa Tiếng Nhật\",\"createdAt\":\"2025-03-19T19:58:12.187Z\",\"updatedAt\":\"2025-03-19T19:58:12.187Z\",\"__v\":0},\"course\":\"2023\",\"program\":{\"_id\":\"67db21d45a834ed7d79ade96\",\"programId\":\"TT\",\"name\":\"Tiên tiến\",\"duration\":4,\"isActive\":true,\"createdAt\":\"2025-03-19T19:58:12.838Z\",\"updatedAt\":\"2025-03-19T19:58:12.838Z\",\"__v\":0},\"permanentAddress\":{\"streetAddress\":\"31480 Legros Mews\",\"ward\":\"Wehner Plain\",\"district\":\"Monroe County\",\"city\":\"South Javierchester\",\"country\":\"Việt Nam\",\"_id\":\"67db21d55a834ed7d79adecb\"},\"temporaryAddress\":{\"streetAddress\":\"8158 Augustus Corner\",\"ward\":\"S Maple Street\",\"district\":\"Surrey\",\"city\":\"Turnertown\",\"country\":\"Việt Nam\",\"_id\":\"67db21d55a834ed7d79adecc\"},\"mailingAddress\":{\"streetAddress\":\"31480 Legros Mews\",\"ward\":\"Wehner Plain\",\"district\":\"Monroe County\",\"city\":\"South Javierchester\",\"country\":\"Việt Nam\",\"_id\":\"67db21d55a834ed7d79adecd\"},\"identityDocument\":{\"type\":\"CCCD\",\"number\":\"557846004457\",\"issueDate\":\"2020-08-10T06:23:16.011Z\",\"issuePlace\":\"Josephcester\",\"expiryDate\":\"2023-06-16T17:41:23.543Z\",\"_id\":\"67db21d55a834ed7d79adece\",\"hasChip\":false},\"email\":\"bill.herzog@example.com\",\"phone\":\"0098417949\",\"status\":{\"_id\":\"67db21d55a834ed7d79adea0\",\"name\":\"Đã thôi học\",\"createdAt\":\"2025-03-19T19:58:13.009Z\",\"updatedAt\":\"2025-03-19T19:58:13.009Z\",\"__v\":0},\"__v\":0,\"createdAt\":\"2025-03-19T19:58:13.509Z\",\"updatedAt\":\"2025-03-19T19:58:13.509Z\"}]"}]
[2025-03-21 16:21:05.181] [INFO] [HTTP] [DELETE] [SYSTEM] DELETE /api/student/delete/SV0008 200 - 239ms [DETAILS: {"statusCode":200,"duration":239,"ip":"::1"}]
[2025-03-21 16:21:05.620] [INFO] [StudentController] [GET_ALL_STUDENTS] [SYSTEM] Successfully retrieved all students [DETAILS: {"count":99}]
[2025-03-21 16:21:05.633] [INFO] [HTTP] [GET] [SYSTEM] GET /api/student/ 200 - 323ms [DETAILS: {"statusCode":200,"duration":323,"ip":"::1"}]
[2025-03-21 16:23:04.276] [INFO] [Server] [-] [SYSTEM] Server shutting down
[2025-03-21 16:23:18.792] [INFO] [Server] [-] [SYSTEM] Server started successfully [DETAILS: {"port":5000,"url":"http://localhost:5000"}]
[2025-03-21 16:23:19.642] [INFO] [Database] [-] [SYSTEM] Connected to MongoDB
[2025-03-21 16:23:36.064] [INFO] [StudentController] [GET_ALL_STUDENTS] [SYSTEM] Successfully retrieved all students [DETAILS: {"count":99}]
[2025-03-21 16:23:36.093] [INFO] [HTTP] [GET] [SYSTEM] GET /api/student/ 304 - 384ms [DETAILS: {"statusCode":304,"duration":384,"ip":"::1"}]
[2025-03-21 16:23:51.700] [INFO] [StudentController] [SEARCH_STUDENT] [SYSTEM] Students found successfully [DETAILS: {"count":1,"searchParams":{"studentId":"SV0009","fullName":"","faculty":""}}]
[2025-03-21 16:23:51.709] [INFO] [HTTP] [GET] [SYSTEM] GET /api/student/search?studentId=SV0009&fullName=&faculty= 200 - 163ms [DETAILS: {"statusCode":200,"duration":163,"ip":"::1"}]
[2025-03-21 16:23:55.993] [INFO] [StudentController] [SEARCH_STUDENT] [SYSTEM] No students found with search parameters [DETAILS: {"searchParams":{"studentId":"SV000","fullName":"","faculty":""}}]
[2025-03-21 16:23:55.996] [WARN] [HTTP] [GET] [SYSTEM] GET /api/student/search?studentId=SV000&fullName=&faculty= 404 - 72ms [DETAILS: {"statusCode":404,"duration":72,"ip":"::1"}]
[2025-03-21 16:24:03.343] [INFO] [HTTP] [OPTIONS] [SYSTEM] OPTIONS /api/student/delete/SV0009 204 - 2ms [DETAILS: {"statusCode":204,"duration":2,"ip":"::1"}]
[2025-03-21 16:24:03.568] [INFO] [StudentController] [DELETE_STUDENT] [SYSTEM] Student deleted successfully [DETAILS: {"studentId":"SV0009"}]
[2025-03-21 16:24:03.572] [INFO] [AUDIT] [DELETE] [SYSTEM] DELETE student SV0009 [DETAILS: {"entityType":"student","entityId":"SV0009","before":"[{\"_id\":\"67db21d55a834ed7d79adecf\",\"studentId\":\"SV0009\",\"fullName\":\"Franklin Breitenberg\",\"dateOfBirth\":\"2003-02-09T05:57:15.687Z\",\"gender\":\"Nam\",\"nationality\":\"Việt Nam\",\"faculty\":{\"_id\":\"67db21d45a834ed7d79ade89\",\"facultyId\":\"KTATM\",\"name\":\"Khoa Tiếng Anh Thương Mại\",\"createdAt\":\"2025-03-19T19:58:12.187Z\",\"updatedAt\":\"2025-03-19T19:58:12.187Z\",\"__v\":0},\"course\":\"2007\",\"program\":{\"_id\":\"67db21d45a834ed7d79ade97\",\"programId\":\"CLC\",\"name\":\"Chất lượng cao\",\"duration\":3.5,\"isActive\":true,\"createdAt\":\"2025-03-19T19:58:12.838Z\",\"updatedAt\":\"2025-03-19T19:58:12.838Z\",\"__v\":0},\"permanentAddress\":{\"streetAddress\":\"178 Aufderhar Streets\",\"ward\":\"Kuphal Common\",\"district\":\"Lincoln County\",\"city\":\"Fort Angel\",\"country\":\"Việt Nam\",\"_id\":\"67db21d55a834ed7d79aded0\"},\"temporaryAddress\":{\"streetAddress\":\"7394 Wellington Road\",\"ward\":\"Assunta Groves\",\"district\":\"Crawford County\",\"city\":\"Nampa\",\"country\":\"Việt Nam\",\"_id\":\"67db21d55a834ed7d79aded1\"},\"mailingAddress\":{\"streetAddress\":\"178 Aufderhar Streets\",\"ward\":\"Kuphal Common\",\"district\":\"Lincoln County\",\"city\":\"Fort Angel\",\"country\":\"Việt Nam\",\"_id\":\"67db21d55a834ed7d79aded2\"},\"identityDocument\":{\"type\":\"CMND\",\"number\":\"981825139163\",\"issueDate\":\"2024-06-21T09:34:04.490Z\",\"issuePlace\":\"Waterloo\",\"expiryDate\":\"2032-08-15T22:01:09.024Z\",\"_id\":\"67db21d55a834ed7d79aded3\"},\"email\":\"franklin.breitenberg@example.com\",\"phone\":\"0201569834\",\"status\":{\"_id\":\"67db21d55a834ed7d79adea0\",\"name\":\"Đã thôi học\",\"createdAt\":\"2025-03-19T19:58:13.009Z\",\"updatedAt\":\"2025-03-19T19:58:13.009Z\",\"__v\":0},\"__v\":0,\"createdAt\":\"2025-03-19T19:58:13.509Z\",\"updatedAt\":\"2025-03-19T19:58:13.509Z\"}]"}]
[2025-03-21 16:24:03.579] [INFO] [HTTP] [DELETE] [SYSTEM] DELETE /api/student/delete/SV0009 200 - 235ms [DETAILS: {"statusCode":200,"duration":235,"ip":"::1"}]
[2025-03-21 16:24:03.930] [INFO] [StudentController] [GET_ALL_STUDENTS] [SYSTEM] Successfully retrieved all students [DETAILS: {"count":98}]
[2025-03-21 16:24:03.953] [INFO] [HTTP] [GET] [SYSTEM] GET /api/student/ 200 - 346ms [DETAILS: {"statusCode":200,"duration":346,"ip":"::1"}]
[2025-03-21 16:43:06.414] [INFO] [Server] [-] [SYSTEM] Server shutting down
