[2025-03-20 12:54:22.899] [INFO] [Server] [-] [SYSTEM] Server started successfully [DETAILS: {"port":5000,"url":"http://localhost:5000"}]
[2025-03-20 12:54:23.551] [INFO] [Database] [-] [SYSTEM] Connected to MongoDB
[2025-03-20 12:55:00.045] [WARN] [HTTP] [GET] [SYSTEM] GET /api/student/list 404 - 5ms [DETAILS: {"statusCode":404,"duration":5,"ip":"::ffff:127.0.0.1"}]
[2025-03-20 12:55:26.008] [INFO] [StudentController] [EXPORT_DATA] [SYSTEM] Data exported successfully [DETAILS: {"format":"json","filePath":"C:\\Users\\hoang\\OneDrive - VNU-HCMUS\\Desktop\\Thiết kế phần mềm\\Week02\\file1.json"}]
[2025-03-20 12:55:26.019] [INFO] [HTTP] [POST] [SYSTEM] POST /api/student/export 200 - 273ms [DETAILS: {"statusCode":200,"duration":273,"ip":"::ffff:127.0.0.1"}]
[2025-03-20 12:56:13.523] [INFO] [Server] [-] [SYSTEM] Server shutting down
[2025-03-20 12:56:47.929] [INFO] [Server] [-] [SYSTEM] Server started successfully [DETAILS: {"port":5000,"url":"http://localhost:5000"}]
[2025-03-20 12:56:48.573] [INFO] [Database] [-] [SYSTEM] Connected to MongoDB
[2025-03-20 12:56:53.072] [INFO] [Server] [-] [SYSTEM] Server shutting down
[2025-03-20 12:57:04.371] [INFO] [Server] [-] [SYSTEM] Server started successfully [DETAILS: {"port":5000,"url":"http://localhost:5000"}]
[2025-03-20 12:57:04.959] [INFO] [Database] [-] [SYSTEM] Connected to MongoDB
[2025-03-20 12:57:21.826] [WARN] [HTTP] [GET] [SYSTEM] GET /api/student/list 404 - 7ms [DETAILS: {"statusCode":404,"duration":7,"ip":"::ffff:127.0.0.1"}]
[2025-03-20 12:57:33.055] [INFO] [Server] [-] [SYSTEM] Server shutting down
[2025-03-20 13:52:35.735] [INFO] [Server] [-] [SYSTEM] Server started successfully [DETAILS: {"port":5000,"url":"http://localhost:5000"}]
[2025-03-20 13:52:36.529] [INFO] [Database] [-] [SYSTEM] Connected to MongoDB
[2025-03-20 13:53:32.183] [INFO] [StudentController] [GET_ALL_STUDENTS] [SYSTEM] Successfully retrieved all students [DETAILS: {"count":104}]
[2025-03-20 13:53:32.247] [INFO] [HTTP] [GET] [SYSTEM] GET /api/student/ 200 - 461ms [DETAILS: {"statusCode":200,"duration":461,"ip":"::1"}]
[2025-03-20 13:54:09.461] [INFO] [StudentController] [GET_ALL_STUDENTS] [SYSTEM] Successfully retrieved all students [DETAILS: {"count":104}]
[2025-03-20 13:54:09.494] [INFO] [HTTP] [GET] [SYSTEM] GET /api/student/ 304 - 351ms [DETAILS: {"statusCode":304,"duration":351,"ip":"::1"}]
[2025-03-20 13:54:11.988] [INFO] [StudentController] [GET_ALL_STUDENTS] [SYSTEM] Successfully retrieved all students [DETAILS: {"count":104}]
[2025-03-20 13:54:11.997] [INFO] [HTTP] [GET] [SYSTEM] GET /api/student/ 304 - 277ms [DETAILS: {"statusCode":304,"duration":277,"ip":"::1"}]
[2025-03-20 13:56:48.131] [WARN] [StudentController] [SEARCH_STUDENT] [SYSTEM] Search attempt with no parameters
[2025-03-20 13:56:48.140] [WARN] [HTTP] [GET] [SYSTEM] GET /api/student/search?searchTerm=0001 400 - 10ms [DETAILS: {"statusCode":400,"duration":10,"ip":"::1"}]
[2025-03-20 13:58:09.534] [INFO] [StudentController] [GET_ALL_STUDENTS] [SYSTEM] Successfully retrieved all students [DETAILS: {"count":104}]
[2025-03-20 13:58:09.567] [INFO] [HTTP] [GET] [SYSTEM] GET /api/student 200 - 288ms [DETAILS: {"statusCode":200,"duration":288,"ip":"::1"}]
[2025-03-20 13:58:09.677] [WARN] [HTTP] [GET] [SYSTEM] GET /favicon.ico 404 - 2ms [DETAILS: {"statusCode":404,"duration":2,"ip":"::1"}]
[2025-03-20 13:58:26.074] [INFO] [StudentController] [GET_ALL_STUDENTS] [SYSTEM] Successfully retrieved all students [DETAILS: {"count":104}]
[2025-03-20 13:58:26.083] [INFO] [HTTP] [GET] [SYSTEM] GET /api/student?searchParams=001 200 - 253ms [DETAILS: {"statusCode":200,"duration":253,"ip":"::1"}]
[2025-03-20 13:59:16.587] [INFO] [StudentController] [GET_ALL_STUDENTS] [SYSTEM] Successfully retrieved all students [DETAILS: {"count":104}]
[2025-03-20 13:59:16.597] [INFO] [HTTP] [GET] [SYSTEM] GET /api/student?searchParams=0001 200 - 259ms [DETAILS: {"statusCode":200,"duration":259,"ip":"::1"}]
[2025-03-20 13:59:33.956] [INFO] [StudentController] [GET_ALL_STUDENTS] [SYSTEM] Successfully retrieved all students [DETAILS: {"count":104}]
[2025-03-20 13:59:33.968] [INFO] [HTTP] [GET] [SYSTEM] GET /api/student?searchTerm=0001 200 - 291ms [DETAILS: {"statusCode":200,"duration":291,"ip":"::1"}]
[2025-03-20 14:00:43.920] [INFO] [StudentController] [GET_ALL_STUDENTS] [SYSTEM] Successfully retrieved all students [DETAILS: {"count":104}]
[2025-03-20 14:00:43.932] [INFO] [HTTP] [GET] [SYSTEM] GET /api/student?searchParams=001 304 - 299ms [DETAILS: {"statusCode":304,"duration":299,"ip":"::1"}]
[2025-03-20 14:01:16.587] [INFO] [StudentController] [GET_ALL_STUDENTS] [SYSTEM] Successfully retrieved all students [DETAILS: {"count":104}]
[2025-03-20 14:01:16.599] [INFO] [HTTP] [GET] [SYSTEM] GET /api/student?searchParams=[001] 200 - 291ms [DETAILS: {"statusCode":200,"duration":291,"ip":"::1"}]
[2025-03-20 14:01:35.940] [INFO] [StudentController] [GET_ALL_STUDENTS] [SYSTEM] Successfully retrieved all students [DETAILS: {"count":104}]
[2025-03-20 14:01:35.952] [INFO] [HTTP] [GET] [SYSTEM] GET /api/student?searchParams.studentId=001 200 - 262ms [DETAILS: {"statusCode":200,"duration":262,"ip":"::1"}]
[2025-03-20 14:02:54.508] [INFO] [StudentController] [GET_ALL_STUDENTS] [SYSTEM] Successfully retrieved all students [DETAILS: {"count":104}]
[2025-03-20 14:02:54.523] [INFO] [HTTP] [GET] [SYSTEM] GET /api/student?searchParams={001} 200 - 276ms [DETAILS: {"statusCode":200,"duration":276,"ip":"::1"}]
[2025-03-20 14:05:00.977] [WARN] [StudentController] [SEARCH_STUDENT] [SYSTEM] Search attempt with no parameters
[2025-03-20 14:05:00.980] [WARN] [HTTP] [GET] [SYSTEM] GET /api/student/search?searchTerm=0001 400 - 3ms [DETAILS: {"statusCode":400,"duration":3,"ip":"::1"}]
[2025-03-20 14:05:09.592] [WARN] [StudentController] [SEARCH_STUDENT] [SYSTEM] Search attempt with no parameters
[2025-03-20 14:05:09.594] [WARN] [HTTP] [GET] [SYSTEM] GET /api/student/search?searchTerm=0001 400 - 3ms [DETAILS: {"statusCode":400,"duration":3,"ip":"::1"}]
[2025-03-20 14:05:17.296] [WARN] [StudentController] [SEARCH_STUDENT] [SYSTEM] Search attempt with no parameters
[2025-03-20 14:05:17.298] [WARN] [HTTP] [GET] [SYSTEM] GET /api/student/search?searchTerm=0001 400 - 2ms [DETAILS: {"statusCode":400,"duration":2,"ip":"::1"}]
[2025-03-20 14:05:30.992] [WARN] [StudentController] [SEARCH_STUDENT] [SYSTEM] Search attempt with no parameters
[2025-03-20 14:05:30.993] [WARN] [HTTP] [GET] [SYSTEM] GET /api/student/search?searchTerm=0001 400 - 1ms [DETAILS: {"statusCode":400,"duration":1,"ip":"::1"}]
[2025-03-20 14:05:43.395] [WARN] [StudentController] [SEARCH_STUDENT] [SYSTEM] Search attempt with no parameters
[2025-03-20 14:05:43.397] [WARN] [HTTP] [GET] [SYSTEM] GET /api/student/search?searchTerm=0001 400 - 2ms [DETAILS: {"statusCode":400,"duration":2,"ip":"::1"}]
[2025-03-20 14:05:57.736] [WARN] [StudentController] [SEARCH_STUDENT] [SYSTEM] Search attempt with no parameters
[2025-03-20 14:05:57.738] [WARN] [HTTP] [GET] [SYSTEM] GET /api/student/search?searchTerm=0001 400 - 2ms [DETAILS: {"statusCode":400,"duration":2,"ip":"::1"}]
[2025-03-20 14:06:18.242] [WARN] [StudentController] [SEARCH_STUDENT] [SYSTEM] Search attempt with no parameters
[2025-03-20 14:06:18.247] [WARN] [HTTP] [GET] [SYSTEM] GET /api/student/search?searchTerm=0001 400 - 5ms [DETAILS: {"statusCode":400,"duration":5,"ip":"::1"}]
[2025-03-20 14:06:37.286] [WARN] [StudentController] [SEARCH_STUDENT] [SYSTEM] Search attempt with no parameters
[2025-03-20 14:06:37.287] [WARN] [HTTP] [GET] [SYSTEM] GET /api/student/search?searchTerm=0001 400 - 1ms [DETAILS: {"statusCode":400,"duration":1,"ip":"::1"}]
[2025-03-20 14:06:46.246] [WARN] [StudentController] [SEARCH_STUDENT] [SYSTEM] Search attempt with no parameters
[2025-03-20 14:06:46.248] [WARN] [HTTP] [GET] [SYSTEM] GET /api/student/search?searchTerm=0001 400 - 2ms [DETAILS: {"statusCode":400,"duration":2,"ip":"::1"}]
[2025-03-20 14:07:06.828] [WARN] [StudentController] [SEARCH_STUDENT] [SYSTEM] Search attempt with no parameters
[2025-03-20 14:07:06.829] [WARN] [HTTP] [GET] [SYSTEM] GET /api/student/search?searchTerm=0001 400 - 1ms [DETAILS: {"statusCode":400,"duration":1,"ip":"::1"}]
[2025-03-20 14:07:16.684] [WARN] [StudentController] [SEARCH_STUDENT] [SYSTEM] Search attempt with no parameters
[2025-03-20 14:07:16.686] [WARN] [HTTP] [GET] [SYSTEM] GET /api/student/search?searchTerm=0001 400 - 2ms [DETAILS: {"statusCode":400,"duration":2,"ip":"::1"}]
[2025-03-20 14:09:48.157] [WARN] [StudentController] [SEARCH_STUDENT] [SYSTEM] Search attempt with no parameters
[2025-03-20 14:09:48.158] [WARN] [HTTP] [GET] [SYSTEM] GET /api/student/search?searchTerm=0001 400 - 2ms [DETAILS: {"statusCode":400,"duration":2,"ip":"::1"}]
[2025-03-20 14:09:56.177] [WARN] [StudentController] [SEARCH_STUDENT] [SYSTEM] Search attempt with no parameters
[2025-03-20 14:09:56.178] [WARN] [HTTP] [GET] [SYSTEM] GET /api/student/search?searchTerm=0001 400 - 2ms [DETAILS: {"statusCode":400,"duration":2,"ip":"::1"}]
[2025-03-20 14:10:10.971] [WARN] [StudentController] [SEARCH_STUDENT] [SYSTEM] Search attempt with no parameters
[2025-03-20 14:10:10.972] [WARN] [HTTP] [GET] [SYSTEM] GET /api/student/search?searchTerm=0001 400 - 1ms [DETAILS: {"statusCode":400,"duration":1,"ip":"::1"}]
[2025-03-20 14:10:16.027] [WARN] [StudentController] [SEARCH_STUDENT] [SYSTEM] Search attempt with no parameters
[2025-03-20 14:10:16.028] [WARN] [HTTP] [GET] [SYSTEM] GET /api/student/search?searchTerm=0001 400 - 1ms [DETAILS: {"statusCode":400,"duration":1,"ip":"::1"}]
[2025-03-20 14:10:23.729] [WARN] [StudentController] [SEARCH_STUDENT] [SYSTEM] Search attempt with no parameters
[2025-03-20 14:10:23.730] [WARN] [HTTP] [GET] [SYSTEM] GET /api/student/search?searchTerm=0001 400 - 2ms [DETAILS: {"statusCode":400,"duration":2,"ip":"::1"}]
[2025-03-20 14:10:56.785] [WARN] [StudentController] [SEARCH_STUDENT] [SYSTEM] Search attempt with no parameters
[2025-03-20 14:10:56.786] [WARN] [HTTP] [GET] [SYSTEM] GET /api/student/search?searchTerm=0001 400 - 1ms [DETAILS: {"statusCode":400,"duration":1,"ip":"::1"}]
[2025-03-20 14:10:58.828] [WARN] [StudentController] [SEARCH_STUDENT] [SYSTEM] Search attempt with no parameters
[2025-03-20 14:10:58.829] [WARN] [HTTP] [GET] [SYSTEM] GET /api/student/search?searchTerm=0001 400 - 1ms [DETAILS: {"statusCode":400,"duration":1,"ip":"::1"}]
[2025-03-20 14:11:04.298] [WARN] [StudentController] [SEARCH_STUDENT] [SYSTEM] Search attempt with no parameters
[2025-03-20 14:11:04.300] [WARN] [HTTP] [GET] [SYSTEM] GET /api/student/search?searchTerm=0001 400 - 2ms [DETAILS: {"statusCode":400,"duration":2,"ip":"::1"}]
[2025-03-20 14:16:58.615] [WARN] [StudentController] [SEARCH_STUDENT] [SYSTEM] Search attempt with no parameters
[2025-03-20 14:16:58.616] [WARN] [HTTP] [GET] [SYSTEM] GET /api/student/search?searchTerm=0001 400 - 2ms [DETAILS: {"statusCode":400,"duration":2,"ip":"::1"}]
[2025-03-20 14:17:21.967] [WARN] [StudentController] [SEARCH_STUDENT] [SYSTEM] Search attempt with no parameters
[2025-03-20 14:17:21.968] [WARN] [HTTP] [GET] [SYSTEM] GET /api/student/search?searchTerm=0001 400 - 1ms [DETAILS: {"statusCode":400,"duration":1,"ip":"::1"}]
[2025-03-20 14:17:26.166] [WARN] [StudentController] [SEARCH_STUDENT] [SYSTEM] Search attempt with no parameters
[2025-03-20 14:17:26.168] [WARN] [HTTP] [GET] [SYSTEM] GET /api/student/search?searchTerm=0001 400 - 2ms [DETAILS: {"statusCode":400,"duration":2,"ip":"::1"}]
[2025-03-20 14:17:32.065] [WARN] [StudentController] [SEARCH_STUDENT] [SYSTEM] Search attempt with no parameters
[2025-03-20 14:17:32.066] [WARN] [HTTP] [GET] [SYSTEM] GET /api/student/search?searchTerm=0001 400 - 1ms [DETAILS: {"statusCode":400,"duration":1,"ip":"::1"}]
[2025-03-20 14:17:33.800] [WARN] [StudentController] [SEARCH_STUDENT] [SYSTEM] Search attempt with no parameters
[2025-03-20 14:17:33.801] [WARN] [HTTP] [GET] [SYSTEM] GET /api/student/search?searchTerm=0001 400 - 1ms [DETAILS: {"statusCode":400,"duration":1,"ip":"::1"}]
[2025-03-20 14:17:36.673] [WARN] [StudentController] [SEARCH_STUDENT] [SYSTEM] Search attempt with no parameters
[2025-03-20 14:17:36.674] [WARN] [HTTP] [GET] [SYSTEM] GET /api/student/search?searchTerm=0001 400 - 1ms [DETAILS: {"statusCode":400,"duration":1,"ip":"::1"}]
[2025-03-20 14:18:09.476] [WARN] [StudentController] [SEARCH_STUDENT] [SYSTEM] Search attempt with no parameters
[2025-03-20 14:18:09.477] [WARN] [HTTP] [GET] [SYSTEM] GET /api/student/search?searchTerm=0001 400 - 1ms [DETAILS: {"statusCode":400,"duration":1,"ip":"::1"}]
[2025-03-20 14:18:11.485] [WARN] [StudentController] [SEARCH_STUDENT] [SYSTEM] Search attempt with no parameters
[2025-03-20 14:18:11.486] [WARN] [HTTP] [GET] [SYSTEM] GET /api/student/search?searchTerm=0001 400 - 2ms [DETAILS: {"statusCode":400,"duration":2,"ip":"::1"}]
[2025-03-20 14:22:56.536] [WARN] [StudentController] [SEARCH_STUDENT] [SYSTEM] Search attempt with no parameters
[2025-03-20 14:22:56.540] [WARN] [HTTP] [GET] [SYSTEM] GET /api/student/search?searchTerm=0001 400 - 5ms [DETAILS: {"statusCode":400,"duration":5,"ip":"::1"}]
[2025-03-20 14:23:00.647] [INFO] [StudentController] [GET_ALL_STUDENTS] [SYSTEM] Successfully retrieved all students [DETAILS: {"count":104}]
[2025-03-20 14:23:00.667] [INFO] [HTTP] [GET] [SYSTEM] GET /api/student/ 304 - 265ms [DETAILS: {"statusCode":304,"duration":265,"ip":"::1"}]
[2025-03-20 14:23:59.473] [INFO] [StudentController] [GET_ALL_STUDENTS] [SYSTEM] Successfully retrieved all students [DETAILS: {"count":104}]
[2025-03-20 14:23:59.482] [INFO] [HTTP] [GET] [SYSTEM] GET /api/student/ 304 - 251ms [DETAILS: {"statusCode":304,"duration":251,"ip":"::1"}]
[2025-03-20 14:24:02.146] [INFO] [StudentController] [GET_ALL_STUDENTS] [SYSTEM] Successfully retrieved all students [DETAILS: {"count":104}]
[2025-03-20 14:24:02.163] [INFO] [HTTP] [GET] [SYSTEM] GET /api/student/ 304 - 268ms [DETAILS: {"statusCode":304,"duration":268,"ip":"::1"}]
[2025-03-20 14:24:09.768] [INFO] [HTTP] [OPTIONS] [SYSTEM] OPTIONS /api/student/delete/SV0101 204 - 1ms [DETAILS: {"statusCode":204,"duration":1,"ip":"::1"}]
[2025-03-20 14:24:09.926] [INFO] [StudentController] [DELETE_STUDENT] [SYSTEM] Student deleted successfully [DETAILS: {"studentId":"SV0101"}]
[2025-03-20 14:24:09.928] [INFO] [AUDIT] [DELETE] [SYSTEM] DELETE student SV0101 [DETAILS: {"entityType":"student","entityId":"SV0101","before":"[{\"_id\":\"67db85d3c2c6fee512a955d3\",\"studentId\":\"SV0101\",\"fullName\":\"Douglas Deckow-Jacobson\",\"dateOfBirth\":\"2004-11-09T12:57:54.264Z\",\"gender\":\"Nam\",\"nationality\":\"Việt Nam\",\"faculty\":{\"_id\":\"67db21d45a834ed7d79ade8b\",\"facultyId\":\"KTP\",\"name\":\"Khoa Tiếng Pháp\",\"createdAt\":\"2025-03-19T19:58:12.187Z\",\"updatedAt\":\"2025-03-19T19:58:12.187Z\",\"__v\":0},\"course\":\"2011\",\"program\":{\"_id\":\"67db21d45a834ed7d79ade95\",\"programId\":\"CQ\",\"name\":\"Chính quy\",\"duration\":4,\"isActive\":true,\"createdAt\":\"2025-03-19T19:58:12.837Z\",\"updatedAt\":\"2025-03-19T19:58:12.837Z\",\"__v\":0},\"permanentAddress\":{\"streetAddress\":\"97245 Will Wells\",\"ward\":\"Queen's Road\",\"district\":\"Wayne County\",\"city\":\"Fort Taureanfort\",\"country\":\"Việt Nam\",\"_id\":\"67db21d55a834ed7d79adf2d\"},\"mailingAddress\":{\"streetAddress\":\"37935 Rickie Turnpike\",\"ward\":\"S High Street\",\"district\":\"Berkshire\",\"city\":\"South Amiyachester\",\"country\":\"Việt Nam\",\"_id\":\"67db21d55a834ed7d79adf2e\"},\"identityDocument\":{\"type\":\"Hộ chiếu\",\"number\":\"292239811448\",\"issueDate\":\"2021-01-26T23:56:39.056Z\",\"issuePlace\":\"Port Rose\",\"expiryDate\":\"2023-04-09T21:07:21.963Z\",\"_id\":\"67db21d55a834ed7d79adf2f\",\"issuingCountry\":\"Việt Nam\"},\"email\":\"douglas.deckow-jacobson.mock@example.com\",\"phone\":\"0975737078\",\"status\":{\"_id\":\"67db21d55a834ed7d79adea1\",\"name\":\"Tạm dừng học\",\"createdAt\":\"2025-03-19T19:58:13.009Z\",\"updatedAt\":\"2025-03-19T19:58:13.009Z\",\"__v\":0},\"createdAt\":\"2025-03-19T19:58:13.511Z\",\"updatedAt\":\"2025-03-19T19:58:13.511Z\",\"__v\":0}]"}]
[2025-03-20 14:24:09.935] [INFO] [HTTP] [DELETE] [SYSTEM] DELETE /api/student/delete/SV0101 200 - 165ms [DETAILS: {"statusCode":200,"duration":165,"ip":"::1"}]
[2025-03-20 14:24:10.326] [INFO] [StudentController] [GET_ALL_STUDENTS] [SYSTEM] Successfully retrieved all students [DETAILS: {"count":103}]
[2025-03-20 14:24:10.346] [INFO] [HTTP] [GET] [SYSTEM] GET /api/student/ 200 - 284ms [DETAILS: {"statusCode":200,"duration":284,"ip":"::1"}]
[2025-03-20 14:24:51.855] [INFO] [StudentController] [GET_ALL_STUDENTS] [SYSTEM] Successfully retrieved all students [DETAILS: {"count":103}]
[2025-03-20 14:24:51.869] [INFO] [HTTP] [GET] [SYSTEM] GET /api/student/ 304 - 304ms [DETAILS: {"statusCode":304,"duration":304,"ip":"::1"}]
[2025-03-20 14:24:54.152] [INFO] [StudentController] [GET_ALL_STUDENTS] [SYSTEM] Successfully retrieved all students [DETAILS: {"count":103}]
[2025-03-20 14:24:54.161] [INFO] [HTTP] [GET] [SYSTEM] GET /api/student/ 304 - 241ms [DETAILS: {"statusCode":304,"duration":241,"ip":"::1"}]
[2025-03-20 14:26:31.700] [WARN] [StudentController] [SEARCH_STUDENT] [SYSTEM] Search attempt with no parameters
[2025-03-20 14:26:31.702] [WARN] [HTTP] [GET] [SYSTEM] GET /api/student/search?searchParams=001 400 - 2ms [DETAILS: {"statusCode":400,"duration":2,"ip":"::1"}]
[2025-03-20 14:27:08.105] [WARN] [StudentController] [SEARCH_STUDENT] [SYSTEM] Search attempt with no parameters
[2025-03-20 14:27:08.107] [WARN] [HTTP] [GET] [SYSTEM] GET /api/student/search?searchParams=[001] 400 - 2ms [DETAILS: {"statusCode":400,"duration":2,"ip":"::1"}]
[2025-03-20 14:27:35.631] [WARN] [StudentController] [SEARCH_STUDENT] [SYSTEM] Search attempt with no parameters
[2025-03-20 14:27:35.633] [WARN] [HTTP] [GET] [SYSTEM] GET /api/student/search?searchParams.studentId=001 400 - 2ms [DETAILS: {"statusCode":400,"duration":2,"ip":"::1"}]
[2025-03-20 14:27:56.467] [WARN] [StudentController] [SEARCH_STUDENT] [SYSTEM] Search attempt with no parameters
[2025-03-20 14:27:56.469] [WARN] [HTTP] [GET] [SYSTEM] GET /api/student/search?searchParams=[] 400 - 2ms [DETAILS: {"statusCode":400,"duration":2,"ip":"::1"}]
[2025-03-20 14:28:36.305] [WARN] [StudentController] [SEARCH_STUDENT] [SYSTEM] Search attempt with no parameters
[2025-03-20 14:28:36.307] [WARN] [HTTP] [GET] [SYSTEM] GET /api/student/search?searchParams={001} 400 - 2ms [DETAILS: {"statusCode":400,"duration":2,"ip":"::1"}]
[2025-03-20 14:30:16.877] [WARN] [StudentController] [SEARCH_STUDENT] [SYSTEM] Search attempt with no parameters
[2025-03-20 14:30:16.879] [WARN] [HTTP] [GET] [SYSTEM] GET /api/student/search 400 - 2ms [DETAILS: {"statusCode":400,"duration":2,"ip":"::1"}]
[2025-03-20 14:30:33.954] [WARN] [StudentController] [SEARCH_STUDENT] [SYSTEM] Search attempt with no parameters
[2025-03-20 14:30:33.955] [WARN] [HTTP] [GET] [SYSTEM] GET /api/student/search?001 400 - 1ms [DETAILS: {"statusCode":400,"duration":1,"ip":"::1"}]
[2025-03-20 14:31:05.465] [WARN] [StudentController] [SEARCH_STUDENT] [SYSTEM] Search attempt with no parameters
[2025-03-20 14:31:05.467] [WARN] [HTTP] [GET] [SYSTEM] GET /api/student/search?searchParams:001 400 - 2ms [DETAILS: {"statusCode":400,"duration":2,"ip":"::1"}]
[2025-03-20 14:34:12.576] [INFO] [StudentController] [GET_ALL_STUDENTS] [SYSTEM] Successfully retrieved all students [DETAILS: {"count":103}]
[2025-03-20 14:34:12.588] [INFO] [HTTP] [GET] [SYSTEM] GET /api/student/ 304 - 264ms [DETAILS: {"statusCode":304,"duration":264,"ip":"::1"}]
